# JRE version: OpenJDK Runtime Environment (16.0.2+7) (build 16.0.2+7-67)
# Java VM: OpenJDK 64-Bit Server VM (16.0.2+7-67, mixed mode, sharing, tiered, compressed oops, compressed class ptrs, g1 gc, windows-amd64)
GC Precious Log:
 CPUs: 8 total, 8 available
 Memory: 32350M
 Large Page Support: Disabled
 NUMA Support: Disabled
 Compressed Oops: Enabled (32-bit)
 Heap Region Size: 1M
 Heap Min Capacity: 256M
 Heap Initial Capacity: 256M
 Heap Max Capacity: 512M
 Pre-touch: Disabled
 Parallel Workers: 8
 Concurrent Workers: 2
 Concurrent Refinement Workers: 8
 Periodic GC: Disabled
Heap:
 garbage-first heap   total 262144K, used 185281K [0x00000000e0000000, 0x0000000100000000)
  region size 1024K, 61 young (62464K), 5 survivors (5120K)
 Metaspace       used 80147K, committed 80960K, reserved 286720K
  class space    used 10229K, committed 10624K, reserved 212992K
GC Heap History (20 events):
Event: 63.694 GC heap before
{Heap before GC invocations=46 (full 0):
 garbage-first heap   total 262144K, used 222981K [0x00000000e0000000, 0x0000000100000000)
  region size 1024K, 130 young (133120K), 4 survivors (4096K)
 Metaspace       used 58090K, committed 58688K, reserved 270336K
  class space    used 7526K, committed 7808K, reserved 212992K
}
Event: 63.696 GC heap after
{Heap after GC invocations=47 (full 0):
 garbage-first heap   total 262144K, used 91927K [0x00000000e0000000, 0x0000000100000000)
  region size 1024K, 2 young (2048K), 2 survivors (2048K)
 Metaspace       used 58090K, committed 58688K, reserved 270336K
  class space    used 7526K, committed 7808K, reserved 212992K
}
Event: 63.950 GC heap before
{Heap before GC invocations=47 (full 0):
 garbage-first heap   total 262144K, used 99095K [0x00000000e0000000, 0x0000000100000000)
  region size 1024K, 10 young (10240K), 2 survivors (2048K)
 Metaspace       used 58894K, committed 59456K, reserved 270336K
  class space    used 7677K, committed 7936K, reserved 212992K
}
Event: 63.953 GC heap after
{Heap after GC invocations=48 (full 0):
 garbage-first heap   total 262144K, used 92533K [0x00000000e0000000, 0x0000000100000000)
  region size 1024K, 3 young (3072K), 3 survivors (3072K)
 Metaspace       used 58894K, committed 59456K, reserved 270336K
  class space    used 7677K, committed 7936K, reserved 212992K
}
Event: 70.955 GC heap before
{Heap before GC invocations=49 (full 0):
 garbage-first heap   total 262144K, used 199029K [0x00000000e0000000, 0x0000000100000000)
  region size 1024K, 100 young (102400K), 3 survivors (3072K)
 Metaspace       used 64919K, committed 65536K, reserved 270336K
  class space    used 8510K, committed 8768K, reserved 212992K
}
Event: 70.965 GC heap after
{Heap after GC invocations=50 (full 0):
 garbage-first heap   total 262144K, used 112103K [0x00000000e0000000, 0x0000000100000000)
  region size 1024K, 13 young (13312K), 13 survivors (13312K)
 Metaspace       used 64919K, committed 65536K, reserved 270336K
  class space    used 8510K, committed 8768K, reserved 212992K
}
Event: 73.678 GC heap before
{Heap before GC invocations=50 (full 0):
 garbage-first heap   total 262144K, used 199143K [0x00000000e0000000, 0x0000000100000000)
  region size 1024K, 98 young (100352K), 13 survivors (13312K)
 Metaspace       used 66762K, committed 67392K, reserved 278528K
  class space    used 8659K, committed 8960K, reserved 212992K
}
Event: 73.687 GC heap after
{Heap after GC invocations=51 (full 0):
 garbage-first heap   total 262144K, used 112936K [0x00000000e0000000, 0x0000000100000000)
  region size 1024K, 5 young (5120K), 5 survivors (5120K)
 Metaspace       used 66762K, committed 67392K, reserved 278528K
  class space    used 8659K, committed 8960K, reserved 212992K
}
Event: 77.671 GC heap before
{Heap before GC invocations=51 (full 0):
 garbage-first heap   total 262144K, used 203048K [0x00000000e0000000, 0x0000000100000000)
  region size 1024K, 93 young (95232K), 5 survivors (5120K)
 Metaspace       used 67449K, committed 68160K, reserved 278528K
  class space    used 8702K, committed 9024K, reserved 212992K
}
Event: 77.676 GC heap after
{Heap after GC invocations=52 (full 0):
 garbage-first heap   total 262144K, used 114625K [0x00000000e0000000, 0x0000000100000000)
  region size 1024K, 7 young (7168K), 7 survivors (7168K)
 Metaspace       used 67449K, committed 68160K, reserved 278528K
  class space    used 8702K, committed 9024K, reserved 212992K
}
Event: 79.517 GC heap before
{Heap before GC invocations=52 (full 0):
 garbage-first heap   total 262144K, used 207809K [0x00000000e0000000, 0x0000000100000000)
  region size 1024K, 98 young (100352K), 7 survivors (7168K)
 Metaspace       used 68993K, committed 69632K, reserved 278528K
  class space    used 8891K, committed 9216K, reserved 212992K
}
Event: 79.525 GC heap after
{Heap after GC invocations=53 (full 0):
 garbage-first heap   total 262144K, used 117760K [0x00000000e0000000, 0x0000000100000000)
  region size 1024K, 10 young (10240K), 10 survivors (10240K)
 Metaspace       used 68993K, committed 69632K, reserved 278528K
  class space    used 8891K, committed 9216K, reserved 212992K
}
Event: 90.556 GC heap before
{Heap before GC invocations=53 (full 0):
 garbage-first heap   total 262144K, used 209920K [0x00000000e0000000, 0x0000000100000000)
  region size 1024K, 101 young (103424K), 10 survivors (10240K)
 Metaspace       used 70177K, committed 70848K, reserved 278528K
  class space    used 8993K, committed 9280K, reserved 212992K
}
Event: 90.567 GC heap after
{Heap after GC invocations=54 (full 0):
 garbage-first heap   total 262144K, used 120682K [0x00000000e0000000, 0x0000000100000000)
  region size 1024K, 9 young (9216K), 9 survivors (9216K)
 Metaspace       used 70177K, committed 70848K, reserved 278528K
  class space    used 8993K, committed 9280K, reserved 212992K
}
Event: 115.511 GC heap before
{Heap before GC invocations=54 (full 0):
 garbage-first heap   total 262144K, used 214890K [0x00000000e0000000, 0x0000000100000000)
  region size 1024K, 101 young (103424K), 9 survivors (9216K)
 Metaspace       used 71811K, committed 72512K, reserved 278528K
  class space    used 9197K, committed 9536K, reserved 212992K
}
Event: 115.522 GC heap after
{Heap after GC invocations=55 (full 0):
 garbage-first heap   total 262144K, used 124826K [0x00000000e0000000, 0x0000000100000000)
  region size 1024K, 11 young (11264K), 11 survivors (11264K)
 Metaspace       used 71811K, committed 72512K, reserved 278528K
  class space    used 9197K, committed 9536K, reserved 212992K
}
Event: 131.734 GC heap before
{Heap before GC invocations=55 (full 0):
 garbage-first heap   total 262144K, used 215962K [0x00000000e0000000, 0x0000000100000000)
  region size 1024K, 100 young (102400K), 11 survivors (11264K)
 Metaspace       used 77185K, committed 77952K, reserved 286720K
  class space    used 9886K, committed 10240K, reserved 212992K
}
Event: 131.759 GC heap after
{Heap after GC invocations=56 (full 0):
 garbage-first heap   total 262144K, used 127748K [0x00000000e0000000, 0x0000000100000000)
  region size 1024K, 9 young (9216K), 9 survivors (9216K)
 Metaspace       used 77185K, committed 77952K, reserved 286720K
  class space    used 9886K, committed 10240K, reserved 212992K
}
Event: 455.584 GC heap before
{Heap before GC invocations=56 (full 0):
 garbage-first heap   total 262144K, used 216836K [0x00000000e0000000, 0x0000000100000000)
  region size 1024K, 97 young (99328K), 9 survivors (9216K)
 Metaspace       used 77960K, committed 78720K, reserved 286720K
  class space    used 9987K, committed 10368K, reserved 212992K
}
Event: 455.595 GC heap after
{Heap after GC invocations=57 (full 0):
 garbage-first heap   total 262144K, used 128961K [0x00000000e0000000, 0x0000000100000000)
  region size 1024K, 5 young (5120K), 5 survivors (5120K)
 Metaspace       used 77960K, committed 78720K, reserved 286720K
  class space    used 9987K, committed 10368K, reserved 212992K
}

